<?xml version="1.0" encoding="UTF-8"?>
<testng-results ignored="0" total="1" passed="1" failed="0" skipped="0">
  <reporter-output>
  </reporter-output>
  <suite started-at="2024-12-05T13:22:46 PST" name="Default suite" finished-at="2024-12-05T13:23:03 PST" duration-ms="16483">
    <groups>
      <group name="cucumber">
        <method signature="AbstractTestNGCucumberTests.runScenario(io.cucumber.testng.PickleWrapper,io.cucumber.testng.FeatureWrapper)[pri:0, instance:cucumberOptions.TestngRunner@5b8dfcc1]" name="runScenario" class="io.cucumber.testng.AbstractTestNGCucumberTests"/>
      </group> <!-- cucumber -->
    </groups>
    <test started-at="2024-12-05T13:22:46 PST" name="Default test" finished-at="2024-12-05T13:23:03 PST" duration-ms="16483">
      <class name="cucumberOptions.TestngRunner">
        <test-method is-config="true" signature="setUpClass(org.testng.ITestContext)[pri:0, instance:cucumberOptions.TestngRunner@5b8dfcc1]" started-at="2024-12-05T13:22:46 PST" name="setUpClass" finished-at="2024-12-05T13:22:47 PST" duration-ms="495" status="PASS">
          <params>
            <param index="0">
              <value>
                <![CDATA[org.testng.TestRunner@359ff4d9]]>
              </value>
            </param>
          </params>
          <reporter-output>
          </reporter-output>
        </test-method> <!-- setUpClass -->
        <test-method signature="runScenario(io.cucumber.testng.PickleWrapper,io.cucumber.testng.FeatureWrapper)[pri:0, instance:cucumberOptions.TestngRunner@5b8dfcc1]" started-at="2024-12-05T13:22:47 PST" name="runScenario" description="Runs Cucumber Scenarios" data-provider="scenarios" finished-at="2024-12-05T13:23:03 PST" duration-ms="15899" status="PASS">
          <params>
            <param index="0">
              <value>
                <![CDATA["search for vegatable or fruit with 3 characters check the result"]]>
              </value>
            </param>
            <param index="1">
              <value>
                <![CDATA["Optional[Greenkart home page]"]]>
              </value>
            </param>
          </params>
          <reporter-output>
          </reporter-output>
        </test-method> <!-- runScenario -->
        <test-method is-config="true" signature="tearDownClass()[pri:0, instance:cucumberOptions.TestngRunner@5b8dfcc1]" started-at="2024-12-05T13:23:03 PST" name="tearDownClass" finished-at="2024-12-05T13:23:03 PST" duration-ms="48" status="PASS">
          <reporter-output>
          </reporter-output>
        </test-method> <!-- tearDownClass -->
      </class> <!-- cucumberOptions.TestngRunner -->
    </test> <!-- Default test -->
  </suite> <!-- Default suite -->
</testng-results>
